<?xml version="1.0" encoding="UTF-8"?>
<!-- Generated by org.testng.reporters.JUnitReportReporter -->
<testsuite hostname="LAPTOP-3UMBTNR8" name="UdmeyAutomation_Selenium.SeleniumE2Eproj.LandingPage" tests="3" failures="0" timestamp="28 Sep 2021 14:24:01 GMT" time="10.919" errors="0">
  <testcase name="navigateToLandingPage" time="10.771" classname="UdmeyAutomation_Selenium.SeleniumE2Eproj.LandingPage"/>
  <testcase name="varifyBestSellerTab" time="0.133" classname="UdmeyAutomation_Selenium.SeleniumE2Eproj.LandingPage"/>
  <testcase name="gitBranchTest" time="0.015" classname="UdmeyAutomation_Selenium.SeleniumE2Eproj.LandingPage"/>
</testsuite> <!-- UdmeyAutomation_Selenium.SeleniumE2Eproj.LandingPage -->
