<?xml version="1.0" encoding="UTF-8"?>
<!-- Generated by org.testng.reporters.JUnitReportReporter -->
<testsuite hostname="LAPTOP-3UMBTNR8" name="UdmeyAutomation_Selenium.SeleniumE2Eproj.BestSellerTest" tests="1" failures="0" timestamp="29 Sep 2021 17:06:14 GMT" time="2.877" errors="0">
  <testcase name="verifyTitle" time="2.877" classname="UdmeyAutomation_Selenium.SeleniumE2Eproj.BestSellerTest"/>
</testsuite> <!-- UdmeyAutomation_Selenium.SeleniumE2Eproj.BestSellerTest -->
